<?xml version="1.0" encoding="UTF-8"?>
<!-- Generated by org.testng.reporters.JUnitReportReporter -->
<testsuite hostname="DESKTOP-UG42IG5" failures="0" tests="1" name="testcases_allcoursemodule.TC_01_AllcoursePage" time="239.207" errors="0" timestamp="2024-09-23T14:44:40 IST" skipped="0">
  <testcase classname="testcases_allcoursemodule.TC_01_AllcoursePage" name="AllcoursePage" time="239.207"/>
  <system-out/>
</testsuite> <!-- testcases_allcoursemodule.TC_01_AllcoursePage -->
