<?xml version="1.0" encoding="UTF-8"?>
<!-- Generated by org.testng.reporters.JUnitReportReporter -->
<testsuite hostname="DESKTOP-UG42IG5" failures="0" tests="1" name="testcases_assessment_module.TC_04_Chapter_Level_Assessment" time="23.000" errors="0" timestamp="2024-09-23T14:44:40 IST" skipped="0">
  <testcase classname="testcases_assessment_module.TC_04_Chapter_Level_Assessment" name="chapterAssessment" time="23.000"/>
  <system-out/>
</testsuite> <!-- testcases_assessment_module.TC_04_Chapter_Level_Assessment -->
