<?xml version="1.0" encoding="UTF-8"?>
<!-- Generated by org.testng.reporters.JUnitReportReporter -->
<testsuite hostname="DESKTOP-8HN186T" failures="0" tests="1" name="landingPageModule.TC_01_LandingPage" time="56.576" errors="0" timestamp="2024-09-13T19:32:52 IST" skipped="0">
  <testcase classname="landingPageModule.TC_01_LandingPage" name="landingpage" time="56.576"/>
</testsuite> <!-- landingPageModule.TC_01_LandingPage -->
