<?xml version="1.0" encoding="UTF-8"?>
<!-- Generated by org.testng.reporters.JUnitReportReporter -->
<testsuite hostname="DESKTOP-UG42IG5" failures="0" tests="1" name="testcases_signInPageModule.TC_02_SignInpage" time="12.932" errors="0" timestamp="2024-09-23T14:44:41 IST" skipped="0">
  <testcase classname="testcases_signInPageModule.TC_02_SignInpage" name="SignInpage" time="12.932"/>
  <system-out/>
</testsuite> <!-- testcases_signInPageModule.TC_02_SignInpage -->
