<?xml version="1.0" encoding="UTF-8"?>
<!-- Generated by org.testng.reporters.JUnitReportReporter -->
<testsuite hostname="DESKTOP-8HN186T" failures="0" tests="1" name="allCourseModule.TC_01_AllcoursePage" time="238.759" errors="0" timestamp="2024-09-19T18:36:20 IST" skipped="0">
  <testcase classname="allCourseModule.TC_01_AllcoursePage" name="AllcoursePage" time="238.759"/>
</testsuite> <!-- allCourseModule.TC_01_AllcoursePage -->
