<?xml version="1.0" encoding="UTF-8"?>
<!-- Generated by org.testng.reporters.JUnitReportReporter -->
<testsuite hostname="DESKTOP-UG42IG5" failures="0" tests="1" name="testcases_createAccountModule.TC_06_CreateAccount" time="7.964" errors="0" timestamp="2024-09-23T14:44:41 IST" skipped="0">
  <testcase classname="testcases_createAccountModule.TC_06_CreateAccount" name="createAccount" time="7.964"/>
  <system-out/>
</testsuite> <!-- testcases_createAccountModule.TC_06_CreateAccount -->
