<?xml version="1.0" encoding="UTF-8"?>
<!-- Generated by org.testng.reporters.JUnitReportReporter -->
<testsuite hostname="DESKTOP-UG42IG5" failures="0" tests="1" name="testcases_myCoursePageModule.TC_06_Topic_N_Chapter_Completion_Check" time="23.826" errors="0" timestamp="2024-09-23T14:44:40 IST" skipped="0">
  <testcase classname="testcases_myCoursePageModule.TC_06_Topic_N_Chapter_Completion_Check" name="Mycoursepage" time="23.826"/>
  <system-out/>
</testsuite> <!-- testcases_myCoursePageModule.TC_06_Topic_N_Chapter_Completion_Check -->
