<?xml version="1.0" encoding="UTF-8"?>
<!-- Generated by org.testng.reporters.JUnitReportReporter -->
<testsuite hostname="DESKTOP-UG42IG5" failures="0" tests="1" name="testcases_assessment_module.TC_05_Chapter_Incomplete_Assessment" time="17.389" errors="0" timestamp="2024-09-23T14:44:40 IST" skipped="0">
  <testcase classname="testcases_assessment_module.TC_05_Chapter_Incomplete_Assessment" name="chapterIncompleteAssessment" time="17.389"/>
  <system-out/>
</testsuite> <!-- testcases_assessment_module.TC_05_Chapter_Incomplete_Assessment -->
