<?xml version="1.0" encoding="UTF-8"?>
<!-- Generated by org.testng.reporters.JUnitReportReporter -->
<testsuite hostname="DESKTOP-UG42IG5" failures="0" tests="1" name="testcases.TC_04_TakeChapterAssessment" time="47.839" errors="0" timestamp="2024-08-21T17:17:16 IST" skipped="0">
  <testcase classname="testcases.TC_04_TakeChapterAssessment" name="createAccount" time="47.839"/>
</testsuite> <!-- testcases.TC_04_TakeChapterAssessment -->
