<?xml version="1.0" encoding="UTF-8"?>
<!-- Generated by org.testng.reporters.JUnitReportReporter -->
<testsuite hostname="DESKTOP-UG42IG5" failures="0" tests="1" name="testcases_profilePageModule.TC_05_ProfilePage" time="215.369" errors="0" timestamp="2024-09-23T14:44:41 IST" skipped="0">
  <testcase classname="testcases_profilePageModule.TC_05_ProfilePage" name="Profilepage" time="215.369"/>
  <system-out/>
</testsuite> <!-- testcases_profilePageModule.TC_05_ProfilePage -->
