<?xml version="1.0" encoding="UTF-8"?>
<!-- Generated by org.testng.reporters.JUnitReportReporter -->
<testsuite hostname="DESKTOP-UG42IG5" failures="0" tests="1" name="testcases_cartPageModule.TC_01_cartPage" time="147.292" errors="0" timestamp="2024-09-23T14:44:40 IST" skipped="0">
  <testcase classname="testcases_cartPageModule.TC_01_cartPage" name="Cartpage" time="147.292"/>
  <system-out/>
</testsuite> <!-- testcases_cartPageModule.TC_01_cartPage -->
