<?xml version="1.0" encoding="UTF-8"?>
<!-- Generated by org.testng.reporters.JUnitReportReporter -->
<testsuite hostname="DESKTOP-UG42IG5" failures="0" tests="1" name="testcases.TC01_CreateAcount" time="15.102" errors="0" timestamp="2024-08-07T16:06:02 IST" skipped="0">
  <testcase classname="testcases.TC01_CreateAcount" name="createAccount" time="15.102"/>
</testsuite> <!-- testcases.TC01_CreateAcount -->
