<?xml version="1.0" encoding="UTF-8"?>
<!-- Generated by org.testng.reporters.JUnitReportReporter -->
<testsuite hostname="DESKTOP-UG42IG5" failures="0" tests="1" name="testcases.TC01_CreateAcount" time="8.413" errors="0" timestamp="2024-08-01T21:08:26 IST" skipped="0">
  <testcase classname="testcases.TC01_CreateAcount" name="createAccount" time="8.413"/>
</testsuite> <!-- testcases.TC01_CreateAcount -->
