<?xml version="1.0" encoding="UTF-8"?>
<!-- Generated by org.testng.reporters.JUnitReportReporter -->
<testsuite hostname="DESKTOP-UG42IG5" failures="0" tests="1" name="testcases_landingPageModule.TC_01_LandingPage" time="39.505" errors="0" timestamp="2024-09-23T14:44:40 IST" skipped="0">
  <testcase classname="testcases_landingPageModule.TC_01_LandingPage" name="landingpage" time="39.505"/>
  <system-out/>
</testsuite> <!-- testcases_landingPageModule.TC_01_LandingPage -->
