<?xml version="1.0" encoding="UTF-8"?>
<!-- Generated by org.testng.reporters.JUnitReportReporter -->
<testsuite hostname="DESKTOP-UG42IG5" failures="0" tests="1" name="testcases.TC_03_CompleteVideo" time="25.457" errors="0" timestamp="2024-08-21T14:44:51 IST" skipped="0">
  <testcase classname="testcases.TC_03_CompleteVideo" name="createAccount" time="25.457"/>
</testsuite> <!-- testcases.TC_03_CompleteVideo -->
