<?xml version="1.0" encoding="UTF-8"?>
<!-- Generated by org.testng.reporters.JUnitReportReporter -->
<testsuite hostname="DESKTOP-MN86ODD" failures="0" tests="1" name="testcases.TC08_HomePageCheckAfterLogin" time="51.694" errors="0" timestamp="2025-04-29T17:19:11 IST" skipped="0">
  <testcase classname="testcases.TC08_HomePageCheckAfterLogin" name="landingPageValidation" time="51.694"/>
  <system-out/>
</testsuite> <!-- testcases.TC08_HomePageCheckAfterLogin -->
