<?xml version="1.0" encoding="UTF-8"?>
<!-- Generated by org.testng.reporters.JUnitReportReporter -->
<testsuite hostname="DESKTOP-MN86ODD" failures="0" tests="1" name="testcases.TC06_AddCoursesToCart" time="73.845" errors="0" timestamp="2025-06-13T15:09:00 IST" skipped="0">
  <testcase classname="testcases.TC06_AddCoursesToCart" name="TC06_AddCourses_To_Cart_Check" time="73.845"/>
  <system-out/>
</testsuite> <!-- testcases.TC06_AddCoursesToCart -->
