<?xml version="1.0" encoding="UTF-8"?>
<!-- Generated by org.testng.reporters.JUnitReportReporter -->
<testsuite hostname="DESKTOP-UG42IG5" failures="0" tests="1" name="testcases.TC09_CourseContentPageCheck" time="40.898" errors="0" timestamp="2025-03-27T18:37:48 IST" skipped="0">
  <testcase classname="testcases.TC09_CourseContentPageCheck" name="userHomePageCheck" time="40.898"/>
  <system-out/>
</testsuite> <!-- testcases.TC09_CourseContentPageCheck -->
