<?xml version="1.0" encoding="UTF-8"?>
<!-- Generated by org.testng.reporters.JUnitReportReporter -->
<testsuite hostname="DESKTOP-MN86ODD" failures="0" tests="1" name="testcases.TC06_AddCoursesToCart" time="23.282" errors="0" timestamp="2025-03-07T18:26:03 IST" skipped="0">
  <testcase classname="testcases.TC06_AddCoursesToCart" name="userHomePageCheck" time="23.282"/>
  <system-out/>
</testsuite> <!-- testcases.TC06_AddCoursesToCart -->
