<?xml version="1.0" encoding="UTF-8"?>
<!-- Generated by org.testng.reporters.JUnitReportReporter -->
<testsuite hostname="DESKTOP-UG42IG5" failures="0" tests="1" name="testcases.TC03_SignInInvalidCheck" time="47.227" errors="0" timestamp="2025-03-26T11:39:59 IST" skipped="0">
  <testcase classname="testcases.TC03_SignInInvalidCheck" name="forgetPasswordPageandOTPPageCheck" time="47.227"/>
  <system-out/>
</testsuite> <!-- testcases.TC03_SignInInvalidCheck -->
