<?xml version="1.0" encoding="UTF-8"?>
<!-- Generated by org.testng.reporters.JUnitReportReporter -->
<testsuite hostname="DESKTOP-MN86ODD" failures="0" tests="1" name="testcases.TC05_UserHomePageCheck" time="17.780" errors="0" timestamp="2025-03-07T09:36:41 IST" skipped="0">
  <testcase classname="testcases.TC05_UserHomePageCheck" name="userHomePageCheck" time="17.780"/>
  <system-out/>
</testsuite> <!-- testcases.TC05_UserHomePageCheck -->
