<?xml version="1.0" encoding="UTF-8"?>
<!-- Generated by org.testng.reporters.JUnitReportReporter -->
<testsuite hostname="DESKTOP-UG42IG5" failures="0" tests="1" name="testcases.LandingPageCheck" time="34.571" errors="0" timestamp="2025-03-04T13:50:33 IST" skipped="0">
  <testcase classname="testcases.LandingPageCheck" name="createAccount" time="34.571"/>
  <system-out/>
</testsuite> <!-- testcases.LandingPageCheck -->
