<?xml version="1.0" encoding="UTF-8"?>
<!-- Generated by org.testng.reporters.JUnitReportReporter -->
<testsuite hostname="DESKTOP-UG42IG5" failures="0" tests="1" name="testcases.TC01_LandingPageCheck" time="55.584" errors="0" timestamp="2025-06-23T18:16:15 IST" skipped="0">
  <testcase classname="testcases.TC01_LandingPageCheck" name="TC01_Landing_Page_Check" time="55.584"/>
  <system-out/>
</testsuite> <!-- testcases.TC01_LandingPageCheck -->
