<?xml version="1.0" encoding="UTF-8"?>
<!-- Generated by org.testng.reporters.JUnitReportReporter -->
<testsuite hostname="DESKTOP-UG42IG5" failures="0" tests="1" name="testcases.TC01_LandingPageCheck" time="65.718" errors="0" timestamp="2025-03-06T17:49:16 IST" skipped="0">
  <testcase classname="testcases.TC01_LandingPageCheck" name="landingPageValidation" time="65.718"/>
  <system-out/>
</testsuite> <!-- testcases.TC01_LandingPageCheck -->
