<?xml version="1.0" encoding="UTF-8"?>
<!-- Generated by org.testng.reporters.JUnitReportReporter -->
<testsuite hostname="DESKTOP-MN86ODD" failures="0" tests="2" name="testcases.TC01_LandingPageCheck" time="121.439" errors="0" timestamp="2025-06-16T14:55:29 IST" skipped="1">
  <testcase classname="testcases.TC01_LandingPageCheck" name="TC01_Landing_Page_Check" time="45.127">
    <skipped/>
  </testcase> <!-- TC01_Landing_Page_Check -->
  <system-out/>
  <testcase classname="testcases.TC01_LandingPageCheck" name="TC01_Landing_Page_Check" time="76.312"/>
  <system-out/>
</testsuite> <!-- testcases.TC01_LandingPageCheck -->
