<?xml version="1.0" encoding="UTF-8"?>
<!-- Generated by org.testng.reporters.JUnitReportReporter -->
<testsuite hostname="DESKTOP-MN86ODD" failures="0" tests="1" name="testcases.TC04_SignUpCheck" time="12.329" errors="0" timestamp="2025-03-07T10:25:59 IST" skipped="0">
  <testcase classname="testcases.TC04_SignUpCheck" name="signUpPageCheck" time="12.329"/>
  <system-out/>
</testsuite> <!-- testcases.TC04_SignUpCheck -->
