<?xml version="1.0" encoding="UTF-8"?>
<!-- Generated by org.testng.reporters.JUnitReportReporter -->
<testsuite hostname="DESKTOP-UG42IG5" failures="0" tests="1" name="testcases.TC08_HomePageCheckAfterLogin" time="62.286" errors="0" timestamp="2025-03-27T11:10:51 IST" skipped="0">
  <testcase classname="testcases.TC08_HomePageCheckAfterLogin" name="landingPageValidation" time="62.286"/>
  <system-out/>
</testsuite> <!-- testcases.TC08_HomePageCheckAfterLogin -->
