<?xml version="1.0" encoding="UTF-8"?>
<!-- Generated by org.testng.reporters.JUnitReportReporter -->
<testsuite hostname="DESKTOP-UG42IG5" failures="0" tests="1" name="testcases.TC02_SignInPage_Check" time="24.795" errors="0" timestamp="2025-03-26T11:38:11 IST" skipped="0">
  <testcase classname="testcases.TC02_SignInPage_Check" name="signInPageCheck" time="24.795"/>
  <system-out/>
</testsuite> <!-- testcases.TC02_SignInPage_Check -->
