<?xml version="1.0" encoding="UTF-8"?>
<!-- Generated by org.testng.reporters.JUnitReportReporter -->
<testsuite hostname="DESKTOP-UG42IG5" failures="0" tests="1" name="testcases.TC05_UserHomePageCheck" time="21.091" errors="0" timestamp="2025-03-05T15:04:26 IST" skipped="0">
  <testcase classname="testcases.TC05_UserHomePageCheck" name="userHomePageCheck" time="21.091"/>
  <system-out/>
</testsuite> <!-- testcases.TC05_UserHomePageCheck -->
