<?xml version="1.0" encoding="UTF-8"?>
<!-- Generated by org.testng.reporters.JUnitReportReporter -->
<testsuite hostname="DESKTOP-UG42IG5" failures="0" tests="1" name="testcases.TC03_SignInInvalidCheck" time="39.064" errors="0" timestamp="2025-03-06T17:51:57 IST" skipped="0">
  <testcase classname="testcases.TC03_SignInInvalidCheck" name="forgetPasswordPageandOTPPageCheck" time="39.064"/>
  <system-out/>
</testsuite> <!-- testcases.TC03_SignInInvalidCheck -->
