<?xml version="1.0" encoding="UTF-8"?>
<!-- Generated by org.testng.reporters.JUnitReportReporter -->
<testsuite hostname="DESKTOP-UG42IG5" failures="0" tests="1" name="testcases_assessment_module.TC_06_Course_Level_Assessment" time="44.139" errors="0" timestamp="2024-09-23T14:44:41 IST" skipped="0">
  <testcase classname="testcases_assessment_module.TC_06_Course_Level_Assessment" name="courseLevelAssessment" time="44.139"/>
  <system-out/>
</testsuite> <!-- testcases_assessment_module.TC_06_Course_Level_Assessment -->
