<?xml version="1.0" encoding="UTF-8"?>
<!-- Generated by org.testng.reporters.JUnitReportReporter -->
<testsuite hostname="DESKTOP-UG42IG5" failures="0" tests="1" name="testcases_createAccountModule.TC_02_CreateAccount" time="6.597" errors="0" timestamp="2024-09-23T14:44:40 IST" skipped="0">
  <testcase classname="testcases_createAccountModule.TC_02_CreateAccount" name="createAccount" time="6.597"/>
  <system-out/>
</testsuite> <!-- testcases_createAccountModule.TC_02_CreateAccount -->
