<?xml version="1.0" encoding="UTF-8"?>
<!-- Generated by org.testng.reporters.JUnitReportReporter -->
<<<<<<< HEAD
<testsuite hostname="DESKTOP-UG42IG5" failures="0" tests="1" name="testcases.TC02_SignInPage_Check" time="28.050" errors="0" timestamp="2025-03-10T14:00:07 IST" skipped="0">
  <testcase classname="testcases.TC02_SignInPage_Check" name="signInPageCheck" time="28.050"/>
=======
<testsuite hostname="DESKTOP-MN86ODD" failures="0" tests="1" name="testcases.TC02_SignInPage_Check" time="14.739" errors="0" timestamp="2025-03-07T09:16:09 IST" skipped="0">
  <testcase classname="testcases.TC02_SignInPage_Check" name="signInPageCheck" time="14.739"/>
>>>>>>> 168e6fec064d4fff4dc56a630b4be6d9624d5c31
  <system-out/>
</testsuite> <!-- testcases.TC02_SignInPage_Check -->
