<?xml version="1.0" encoding="UTF-8"?>
<!-- Generated by org.testng.reporters.JUnitReportReporter -->
<testsuite hostname="DESKTOP-MN86ODD" failures="0" tests="1" name="testcases.TC05_UserHomePageCheck" time="25.643" errors="0" timestamp="2025-06-13T14:27:59 IST" skipped="0">
  <testcase classname="testcases.TC05_UserHomePageCheck" name="TC05_UserHome_Page_Check" time="25.643"/>
  <system-out/>
</testsuite> <!-- testcases.TC05_UserHomePageCheck -->
