<?xml version="1.0" encoding="UTF-8"?>
<!-- Generated by org.testng.reporters.JUnitReportReporter -->
<<<<<<< HEAD
<testsuite hostname="DESKTOP-UG42IG5" failures="0" tests="1" name="testcases.TC03_SignInInvalidCheck" time="47.227" errors="0" timestamp="2025-03-26T11:39:59 IST" skipped="0">
  <testcase classname="testcases.TC03_SignInInvalidCheck" name="forgetPasswordPageandOTPPageCheck" time="47.227"/>
=======
<testsuite hostname="DESKTOP-MN86ODD" failures="0" tests="1" name="testcases.TC03_SignInInvalidCheck" time="36.610" errors="0" timestamp="2025-03-10T14:34:40 IST" skipped="0">
  <testcase classname="testcases.TC03_SignInInvalidCheck" name="forgetPasswordPageandOTPPageCheck" time="36.610"/>
>>>>>>> ddfb299b2b8fe99634e011a30aeeef396a2f7e0a
  <system-out/>
</testsuite> <!-- testcases.TC03_SignInInvalidCheck -->
