<?xml version="1.0" encoding="UTF-8"?>
<!-- Generated by org.testng.reporters.JUnitReportReporter -->
<testsuite hostname="DESKTOP-UG42IG5" failures="0" tests="1" name="testcases.TC06_AddCoursesToCart" time="56.121" errors="0" timestamp="2025-03-27T14:30:43 IST" skipped="0">
  <testcase classname="testcases.TC06_AddCoursesToCart" name="userHomePageCheck" time="56.121"/>
  <system-out/>
</testsuite> <!-- testcases.TC06_AddCoursesToCart -->
