<?xml version="1.0" encoding="UTF-8"?>
<!-- Generated by org.testng.reporters.JUnitReportReporter -->
<testsuite hostname="DESKTOP-MN86ODD" failures="0" tests="1" name="testcases.TC07_PaymentPageCheck" time="25.877" errors="0" timestamp="2025-03-28T12:41:13 IST" skipped="0">
  <testcase classname="testcases.TC07_PaymentPageCheck" name="paymentCheck" time="25.877"/>
  <system-out/>
</testsuite> <!-- testcases.TC07_PaymentPageCheck -->
