<?xml version="1.0" encoding="UTF-8"?>
<!-- Generated by org.testng.reporters.JUnitReportReporter -->
<testsuite hostname="DESKTOP-MN86ODD" failures="0" tests="1" name="testcases.TC03_SignInInvalidCheck" time="34.846" errors="0" timestamp="2025-03-10T13:03:01 IST" skipped="0">
  <testcase classname="testcases.TC03_SignInInvalidCheck" name="forgetPasswordPageandOTPPageCheck" time="34.846"/>
  <system-out/>
</testsuite> <!-- testcases.TC03_SignInInvalidCheck -->
