<?xml version="1.0" encoding="UTF-8"?>
<!-- Generated by org.testng.reporters.JUnitReportReporter -->
<testsuite hostname="DESKTOP-UG42IG5" failures="0" tests="1" name="testcases_createAccountModule.TC_08_CreateAccount" time="8.007" errors="0" timestamp="2024-09-23T14:44:40 IST" skipped="0">
  <testcase classname="testcases_createAccountModule.TC_08_CreateAccount" name="createAccount" time="8.007"/>
  <system-out/>
</testsuite> <!-- testcases_createAccountModule.TC_08_CreateAccount -->
