<?xml version="1.0" encoding="UTF-8"?>
<!-- Generated by org.testng.reporters.JUnitReportReporter -->
<testsuite hostname="DESKTOP-UG42IG5" failures="0" tests="1" name="testcases_assessment_module.TC_07_Incomplete_Course_Level_Assessment" time="31.462" errors="0" timestamp="2024-09-23T14:44:41 IST" skipped="0">
  <testcase classname="testcases_assessment_module.TC_07_Incomplete_Course_Level_Assessment" name="inCompleteCourseAssessment" time="31.462"/>
  <system-out/>
</testsuite> <!-- testcases_assessment_module.TC_07_Incomplete_Course_Level_Assessment -->
