<?xml version="1.0" encoding="UTF-8"?>
<!-- Generated by org.testng.reporters.JUnitReportReporter -->
<testsuite hostname="DESKTOP-MN86ODD" failures="0" tests="1" name="testcases.TC07_PaymentPageCheck" time="15.904" errors="0" timestamp="2025-03-10T12:41:57 IST" skipped="0">
  <testcase classname="testcases.TC07_PaymentPageCheck" name="userHomePageCheck" time="15.904"/>
  <system-out/>
</testsuite> <!-- testcases.TC07_PaymentPageCheck -->
