<?xml version="1.0" encoding="UTF-8"?>
<!-- Generated by org.testng.reporters.JUnitReportReporter -->
<testsuite hostname="DESKTOP-UG42IG5" failures="0" tests="1" name="testcases.TC04_SignUpCheck" time="39.455" errors="0" timestamp="2025-03-06T17:53:32 IST" skipped="0">
  <testcase classname="testcases.TC04_SignUpCheck" name="signUpPageCheck" time="39.455"/>
  <system-out/>
</testsuite> <!-- testcases.TC04_SignUpCheck -->
