<?xml version="1.0" encoding="UTF-8"?>
<!-- Generated by org.testng.reporters.JUnitReportReporter -->
<testsuite hostname="DESKTOP-UG42IG5" failures="0" tests="1" name="testcases.TC01_LandingPageCheck" time="49.955" errors="0" timestamp="2025-03-04T19:53:07 IST" skipped="0">
  <testcase classname="testcases.TC01_LandingPageCheck" name="landingPageValidation" time="49.955"/>
  <system-out/>
</testsuite> <!-- testcases.TC01_LandingPageCheck -->
