<?xml version="1.0" encoding="UTF-8"?>
<!-- Generated by org.testng.reporters.JUnitReportReporter -->
<testsuite hostname="DESKTOP-UG42IG5" failures="0" tests="1" name="testcases.TC08_HomePageCheckAfterLogin" time="52.872" errors="0" timestamp="2025-06-25T11:12:39 IST" skipped="0">
  <testcase classname="testcases.TC08_HomePageCheckAfterLogin" name="TC08_HomePage_Check_After_Login" time="52.872"/>
  <system-out/>
</testsuite> <!-- testcases.TC08_HomePageCheckAfterLogin -->
