<?xml version="1.0" encoding="UTF-8"?>
<!-- Generated by org.testng.reporters.JUnitReportReporter -->
<testsuite hostname="DESKTOP-UG42IG5" failures="0" tests="1" name="testcases.TC05_UserHomePageCheck" time="31.825" errors="0" timestamp="2025-03-27T12:36:45 IST" skipped="0">
  <testcase classname="testcases.TC05_UserHomePageCheck" name="userHomePageCheck" time="31.825"/>
  <system-out/>
</testsuite> <!-- testcases.TC05_UserHomePageCheck -->
