<?xml version="1.0" encoding="UTF-8"?>
<!-- Generated by org.testng.reporters.JUnitReportReporter -->
<testsuite hostname="DESKTOP-MN86ODD" failures="0" tests="1" name="testcases.TC06_AddCoursesToCart" time="26.441" errors="0" timestamp="2025-04-29T17:17:39 IST" skipped="0">
  <testcase classname="testcases.TC06_AddCoursesToCart" name="addCoursesToCart" time="26.441"/>
  <system-out/>
</testsuite> <!-- testcases.TC06_AddCoursesToCart -->
