<?xml version="1.0" encoding="UTF-8"?>
<!-- Generated by org.testng.reporters.JUnitReportReporter -->
<testsuite hostname="DESKTOP-MN86ODD" failures="0" tests="1" name="testcases.TC01_LandingPageCheck" time="74.154" errors="0" timestamp="2025-03-27T18:47:20 IST" skipped="0">
  <testcase classname="testcases.TC01_LandingPageCheck" name="landingPageValidation" time="74.154"/>
  <system-out/>
</testsuite> <!-- testcases.TC01_LandingPageCheck -->
