<?xml version="1.0" encoding="UTF-8"?>
<!-- Generated by org.testng.reporters.JUnitReportReporter -->
<testsuite hostname="DESKTOP-UG42IG5" failures="0" tests="1" name="testcases.TC03_SignInInvalidCheck" time="37.647" errors="0" timestamp="2025-03-05T14:25:36 IST" skipped="0">
  <testcase classname="testcases.TC03_SignInInvalidCheck" name="signInPageCheck" time="37.647"/>
  <system-out/>
</testsuite> <!-- testcases.TC03_SignInInvalidCheck -->
