<?xml version="1.0" encoding="UTF-8"?>
<!-- Generated by org.testng.reporters.JUnitReportReporter -->
<testsuite hostname="DESKTOP-MN86ODD" failures="0" tests="1" name="testcases.TC05_UserHomePageCheck" time="39.825" errors="0" timestamp="2025-05-12T15:32:01 IST" skipped="0">
  <testcase classname="testcases.TC05_UserHomePageCheck" name="userHomePageCheck" time="39.825"/>
  <system-out/>
</testsuite> <!-- testcases.TC05_UserHomePageCheck -->
