<?xml version="1.0" encoding="UTF-8"?>
<!-- Generated by org.testng.reporters.JUnitReportReporter -->
<testsuite hostname="DESKTOP-MN86ODD" failures="0" tests="1" name="testcases.TC07_PaymentPageCheck" time="23.163" errors="0" timestamp="2025-04-29T17:18:10 IST" skipped="0">
  <testcase classname="testcases.TC07_PaymentPageCheck" name="paymentCheck" time="23.163"/>
  <system-out/>
</testsuite> <!-- testcases.TC07_PaymentPageCheck -->
