<?xml version="1.0" encoding="UTF-8"?>
<!-- Generated by org.testng.reporters.JUnitReportReporter -->
<testsuite hostname="DESKTOP-MN86ODD" failures="0" tests="1" name="testcases.TC02_SignInPage_Check" time="14.739" errors="0" timestamp="2025-03-07T09:16:09 IST" skipped="0">
  <testcase classname="testcases.TC02_SignInPage_Check" name="signInPageCheck" time="14.739"/>
  <system-out/>
</testsuite> <!-- testcases.TC02_SignInPage_Check -->
