<?xml version="1.0" encoding="UTF-8"?>
<!-- Generated by org.testng.reporters.JUnitReportReporter -->
<testsuite hostname="DESKTOP-UG42IG5" failures="0" tests="1" name="testcases.TC07_PaymentPageCheck" time="50.171" errors="0" timestamp="2025-03-27T10:49:57 IST" skipped="0">
  <testcase classname="testcases.TC07_PaymentPageCheck" name="userHomePageCheck" time="50.171"/>
  <system-out/>
</testsuite> <!-- testcases.TC07_PaymentPageCheck -->
