<?xml version="1.0" encoding="UTF-8"?>
<!-- Generated by org.testng.reporters.JUnitReportReporter -->
<testsuite hostname="DESKTOP-MN86ODD" failures="0" tests="1" name="testcases.TC01_LandingPageCheck" time="93.966" errors="0" timestamp="2025-03-05T15:49:52 IST" skipped="0">
  <testcase classname="testcases.TC01_LandingPageCheck" name="landingPageValidation" time="93.966"/>
  <system-out/>
</testsuite> <!-- testcases.TC01_LandingPageCheck -->
